{"uuid":"b1290e6d-29f7-43e9-b93f-8eee77682df0","historyId":"623d1183adbed736afdc8fac5e2151a5","fullName":"com.effort.test.forms.FormSubmissionTest.submitForm","labels":[{"name":"package","value":"com.effort.test.forms.FormSubmissionTest"},{"name":"testClass","value":"com.effort.test.forms.FormSubmissionTest"},{"name":"testMethod","value":"submitForm"},{"name":"parentSuite","value":"Effort NXT Automation"},{"name":"suite","value":"forms"},{"name":"subSuite","value":"com.effort.test.forms.FormSubmissionTest"},{"name":"host","value":"DESKTOP-F48LRL5"},{"name":"thread","value":"12552@DESKTOP-F48LRL5.main(1)"},{"name":"framework","value":"testng"},{"name":"language","value":"java"},{"name":"story","value":"Add Form"}],"links":[],"name":"submitForm","status":"broken","statusDetails":{"known":false,"muted":false,"flaky":false,"message":"Cannot run program \"C:\\SeleniumWorkSpace\\EFFORT_WEB_LIVE\\AutoIt\\Documentfile.exe\": CreateProcess error=2, The system cannot find the file specified","trace":"java.io.IOException: Cannot run program \"C:\\SeleniumWorkSpace\\EFFORT_WEB_LIVE\\AutoIt\\Documentfile.exe\": CreateProcess error=2, The system cannot find the file specified\r\n\tat java.base/java.lang.ProcessBuilder.start(ProcessBuilder.java:1143)\r\n\tat java.base/java.lang.ProcessBuilder.start(ProcessBuilder.java:1073)\r\n\tat java.base/java.lang.Runtime.exec(Runtime.java:594)\r\n\tat java.base/java.lang.Runtime.exec(Runtime.java:418)\r\n\tat java.base/java.lang.Runtime.exec(Runtime.java:315)\r\n\tat com.effort.forms.FormSubmission.documentUpload(FormSubmission.java:389)\r\n\tat com.effort.test.forms.FormSubmissionTest.submitForm(FormSubmissionTest.java:69)\r\n\tat java.base/jdk.internal.reflect.NativeMethodAccessorImpl.invoke0(Native Method)\r\n\tat java.base/jdk.internal.reflect.NativeMethodAccessorImpl.invoke(NativeMethodAccessorImpl.java:77)\r\n\tat java.base/jdk.internal.reflect.DelegatingMethodAccessorImpl.invoke(DelegatingMethodAccessorImpl.java:43)\r\n\tat java.base/java.lang.reflect.Method.invoke(Method.java:568)\r\n\tat org.testng.internal.MethodInvocationHelper.invokeMethod(MethodInvocationHelper.java:132)\r\n\tat org.testng.internal.TestInvoker.invokeMethod(TestInvoker.java:599)\r\n\tat org.testng.internal.TestInvoker.invokeTestMethod(TestInvoker.java:174)\r\n\tat org.testng.internal.MethodRunner.runInSequence(MethodRunner.java:46)\r\n\tat org.testng.internal.TestInvoker$MethodInvocationAgent.invoke(TestInvoker.java:822)\r\n\tat org.testng.internal.TestInvoker.invokeTestMethods(TestInvoker.java:147)\r\n\tat org.testng.internal.TestMethodWorker.invokeTestMethods(TestMethodWorker.java:146)\r\n\tat org.testng.internal.TestMethodWorker.run(TestMethodWorker.java:128)\r\n\tat java.base/java.util.ArrayList.forEach(ArrayList.java:1511)\r\n\tat org.testng.TestRunner.privateRun(TestRunner.java:764)\r\n\tat org.testng.TestRunner.run(TestRunner.java:585)\r\n\tat org.testng.SuiteRunner.runTest(SuiteRunner.java:384)\r\n\tat org.testng.SuiteRunner.runSequentially(SuiteRunner.java:378)\r\n\tat org.testng.SuiteRunner.privateRun(SuiteRunner.java:337)\r\n\tat org.testng.SuiteRunner.run(SuiteRunner.java:286)\r\n\tat org.testng.SuiteRunnerWorker.runSuite(SuiteRunnerWorker.java:53)\r\n\tat org.testng.SuiteRunnerWorker.run(SuiteRunnerWorker.java:96)\r\n\tat org.testng.TestNG.runSuitesSequentially(TestNG.java:1218)\r\n\tat org.testng.TestNG.runSuitesLocally(TestNG.java:1140)\r\n\tat org.testng.TestNG.runSuites(TestNG.java:1069)\r\n\tat org.testng.TestNG.run(TestNG.java:1037)\r\n\tat org.testng.remote.AbstractRemoteTestNG.run(AbstractRemoteTestNG.java:115)\r\n\tat org.testng.remote.RemoteTestNG.initAndRun(RemoteTestNG.java:251)\r\n\tat org.testng.remote.RemoteTestNG.main(RemoteTestNG.java:77)\r\nCaused by: java.io.IOException: CreateProcess error=2, The system cannot find the file specified\r\n\tat java.base/java.lang.ProcessImpl.create(Native Method)\r\n\tat java.base/java.lang.ProcessImpl.<init>(ProcessImpl.java:494)\r\n\tat java.base/java.lang.ProcessImpl.start(ProcessImpl.java:159)\r\n\tat java.base/java.lang.ProcessBuilder.start(ProcessBuilder.java:1110)\r\n\t... 34 more\r\n"},"stage":"finished","description":"Submit the all fields in the form","steps":[],"attachments":[],"parameters":[{"name":"siteURL","value":"https://secure.spoors.io/effortx/login"},{"name":"browser","value":"Chrome"}],"start":1678952060072,"stop":1678952096713}